13:27:51.515 INFO  Selecting Wallet 
13:27:55.275 INFO  Selected Wallet ID: efe4022831fa4ddc3e0dda15029e926bfa178490dd8434975a675811494a077d 
13:27:57.266 INFO  Add coin initiated 
13:28:00.610 INFO  Number of packets sending 1 
13:28:00.610 INFO  for command 41 try no. 1 
13:28:00.619 INFO  ack recieved 
13:28:00.820 INFO  Number of packets sending 1 
13:28:00.820 INFO  for command 45 try no. 1 
13:28:01.071 INFO  ack recieved 
13:28:30.139 INFO  Add coin finished 
15:06:28.802 INFO  Selecting Wallet 
15:06:40.207 INFO  Add Wallet selected 
15:06:40.303 INFO  Number of packets sending 1 
15:06:40.303 INFO  for command 41 try no. 1 
15:06:40.461 INFO  ack recieved 
15:06:40.661 INFO  Number of packets sending 1 
15:06:40.661 INFO  for command 43 try no. 1 
15:06:40.911 INFO  ack recieved 
15:06:47.101 INFO  Number of packets sending 1 
15:06:47.101 INFO  for command 42 try no. 1 
15:06:47.346 INFO  ack recieved 
15:06:47.347 INFO  Add wallet completed 
15:07:19.160 INFO  Selecting Wallet 
15:07:22.090 INFO  Selected Wallet ID: 0bf2c4df3286955d294f1c1bd7ebcc61471d6289c326bf6a7e450b8ed563e556 
15:07:25.042 INFO  Recieve transaction initiated 
15:07:35.545 INFO  Selecting Wallet 
15:07:37.971 INFO  Selected Wallet ID: 0bf2c4df3286955d294f1c1bd7ebcc61471d6289c326bf6a7e450b8ed563e556 
15:07:39.372 INFO  Add coin initiated 
15:07:40.951 INFO  Number of packets sending 1 
15:07:40.951 INFO  for command 41 try no. 1 
15:07:41.002 INFO  ack recieved 
15:07:41.203 INFO  Number of packets sending 1 
15:07:41.203 INFO  for command 45 try no. 1 
15:07:41.452 INFO  ack recieved 
15:07:50.071 INFO  Add coin finished 
15:07:59.857 INFO  Selecting Wallet 
15:08:02.797 INFO  Selected Wallet ID: 0bf2c4df3286955d294f1c1bd7ebcc61471d6289c326bf6a7e450b8ed563e556 
15:08:04.269 INFO  Add coin initiated 
15:08:05.760 INFO  Number of packets sending 1 
15:08:05.760 INFO  for command 41 try no. 1 
15:08:05.777 INFO  ack recieved 
15:08:05.978 INFO  Number of packets sending 1 
15:08:05.978 INFO  for command 45 try no. 1 
15:08:06.229 INFO  ack recieved 
15:08:18.287 INFO  Add coin finished 
15:08:34.938 INFO  Selecting Wallet 
15:08:36.806 INFO  Selected Wallet ID: 0bf2c4df3286955d294f1c1bd7ebcc61471d6289c326bf6a7e450b8ed563e556 
15:08:38.550 INFO  Add coin initiated 
15:08:41.689 INFO  Number of packets sending 1 
15:08:41.689 INFO  for command 41 try no. 1 
15:08:41.720 INFO  ack recieved 
15:08:41.921 INFO  Number of packets sending 1 
15:08:41.921 INFO  for command 45 try no. 1 
15:08:42.173 INFO  ack recieved 
15:09:21.467 INFO  Number of packets sending 1 
15:09:21.467 INFO  for command 42 try no. 1 
15:09:21.872 INFO  ack recieved 
15:09:21.873 INFO  Add coin finished 
15:09:38.552 INFO  Selecting Wallet 
15:09:40.145 INFO  Selected Wallet ID: 0bf2c4df3286955d294f1c1bd7ebcc61471d6289c326bf6a7e450b8ed563e556 
15:09:41.794 INFO  Send transaction initiated 
15:09:53.700 INFO  Selecting Wallet 
15:09:55.176 INFO  Selected Wallet ID: 0bf2c4df3286955d294f1c1bd7ebcc61471d6289c326bf6a7e450b8ed563e556 
15:09:59.521 INFO  Recieve transaction initiated 
17:01:56.826 INFO  Selecting Wallet 
17:01:58.916 INFO  Selected Wallet ID: 0bf2c4df3286955d294f1c1bd7ebcc61471d6289c326bf6a7e450b8ed563e556 
17:02:03.056 INFO  Add coin initiated 
17:02:09.593 INFO  Number of packets sending 1 
17:02:09.593 INFO  for command 41 try no. 1 
17:02:09.631 INFO  ack recieved 
17:02:09.834 INFO  Number of packets sending 2 
17:02:09.834 INFO  for command 45 try no. 1 
17:02:10.082 INFO  ack recieved 
17:02:10.082 INFO  for command 45 try no. 1 
17:02:10.284 INFO  ack recieved 
17:02:36.642 INFO  {"name":"rec0969fd2551cdbbd9020","addresses":["1GenZZTSQEHkVVwueUS1gA9LepDi1N2yby","1Ecgii6CwqtgJaqLnt58RuJK6qjUn5hGit","15hHNcSMVS45xnQpJBgQNWa2gPkKK2wb2o","1P7Ko324DyR3hqY133f5JVqUwNQr42ZEJw","19bp2KJni9FZKgQMaCm5SnnuXcHepmHzN8","1E7RxQ5y7gcRhTQ4vP24oEEJATYqVnzerL","12xvkEQ9e2eXQsK2jVknjZD9jPVvs7mbzT","1LUBz4JPPdCYcSN4JDTmNDrEo1uPrsd8jR","1EnAe82b2Wfx6AdBcAvTnNYXERu23s9D3S","1FH29ma6NzQ93rNo8vdyY3QQ8xhaCa4Utf","17bgV7d2zZ8tWhVvytSVNCAt8jFLDoCFxo","1DAzvGEkYmvFefgBnanJUoK15xpqpySN7T","1Da6KiotDH3TUNgcnmQWsLPxiBAVoAinUL","1EB2EGXjxfEqabDumWr3rXzn4Fn1qEH3rM","18cHBAnQsEx12ux32DkC1Fqb2dU1JCjBHs","1LrFmnJMjfPeKFehfRqxciXUg6XgAVvvdx","1GgeTFudJH98NTyMGLjFSCby4Zn9sBkFJU","1MQN76ZmTQkLhUQsG3FbKA8UieewVhgitx","12ZjvrR6Gdhiwoy2oA88tCovY5oEMe2hbt","1EgdUtccExJPBRaAsL2sKFj5bjfcLS4oie"]} 
17:02:36.647 INFO  Number of packets sending 1 
17:02:36.642 INFO  {"name":"chc0969fd2551cdbbd9020","addresses":["12gnuuocM6X3Hdv8nfnFQRpgM1TUtKBH8o","1MxKNfF1NhhwSzpf7j8SvFKFdNrsSRkrR1","1DrR811dgeScXFxTixdFwBSSc5sruAYXdp","1MbdTKvLDDKYXKzQn1aaBgQbmGakM27yBW","16iH5smc6bwrTXgwGRFUbVYMH4kLhUAjN4","18bRLza579WQpKCs55mTe1BhEefeuTSwzS","1dpveydpNhrZ7V9ZUuH38ckEGfLvyU5ur","1E71BehtiRbpefQyFpWiwvJ35aJT7hFmri","1Bsv6hafZsMUYF8YLYEqTzFg97dF4uGc31","1BsGUxhJ7cq84yBd5ydUbKLpdbUzKnFsGH","1FoMtjWR2yU48EJssP5hV2gBxtd8jpJLkS","19LPBrDBXNR5B5zi3RmX3BEiaeQPymmsPn","19h5Y7seiTT4ok85K9zFSaaYbhkqGuSqhE","1FarHZLKmisMdd8DLwjTymKwsx8yyXTqtu","1Cgh6497yyd3VWs2ea8vuL9UbBwGWz9cNi","1BPEfjBjsnYXiDcXc4jZepxPwGQxvBELnM","1QBK4f9X7DufGSbgvtewbF9vTkLFFhpEXD","1NRipPNFjoF7itgdwAZafhDrQjb2W3qDNr","1Q6Qz8yy5s7BVX4GGLBT95ogxXC4Rq4C4F","18qHBLJGfnDGXXrgCKELUmRVRVdeW3j9J2"]} 
17:02:36.647 INFO  for command 42 try no. 1 
17:02:36.698 INFO  ack recieved 
17:02:36.698 INFO  Add coin finished 
17:02:54.613 INFO  Selecting Wallet 
17:02:56.291 INFO  Selected Wallet ID: 0bf2c4df3286955d294f1c1bd7ebcc61471d6289c326bf6a7e450b8ed563e556 
17:02:57.835 INFO  Recieve transaction initiated 
17:02:59.404 INFO  Number of packets sending 1 
17:02:59.404 INFO  for command 41 try no. 1 
17:02:59.504 INFO  ack recieved 
17:03:01.770 INFO  Number of packets sending 2 
17:03:01.770 INFO  for command 59 try no. 1 
17:03:01.809 INFO  ack recieved 
17:03:01.809 INFO  for command 59 try no. 1 
17:03:02.011 INFO  ack recieved 
17:08:15.987 INFO  Selecting Wallet 
17:08:17.255 INFO  Selected Wallet ID: 0bf2c4df3286955d294f1c1bd7ebcc61471d6289c326bf6a7e450b8ed563e556 
17:08:18.927 INFO  Add coin initiated 
17:08:25.387 INFO  Number of packets sending 1 
17:08:25.387 INFO  for command 41 try no. 1 
17:08:25.472 INFO  ack recieved 
17:08:25.674 INFO  Number of packets sending 2 
17:08:25.674 INFO  for command 45 try no. 1 
17:08:25.924 INFO  ack recieved 
17:08:25.924 INFO  for command 45 try no. 1 
17:08:26.125 INFO  ack recieved 
17:08:30.226 INFO  Add coin finished 
17:09:13.338 INFO  Selecting Wallet 
17:09:15.191 INFO  Selected Wallet ID: 0bf2c4df3286955d294f1c1bd7ebcc61471d6289c326bf6a7e450b8ed563e556 
17:09:16.076 INFO  Add coin initiated 
17:09:17.469 INFO  Number of packets sending 1 
17:09:17.469 INFO  for command 41 try no. 1 
17:09:17.528 INFO  ack recieved 
17:09:17.731 INFO  Number of packets sending 1 
17:09:17.732 INFO  for command 45 try no. 1 
17:09:17.980 INFO  ack recieved 
17:09:44.068 INFO  Selecting Wallet 
17:09:50.055 INFO  Selected Wallet ID: 0bf2c4df3286955d294f1c1bd7ebcc61471d6289c326bf6a7e450b8ed563e556 
17:09:52.089 INFO  Add coin initiated 
17:10:04.134 INFO  Number of packets sending 1 
17:10:04.134 INFO  for command 41 try no. 1 
17:10:04.303 INFO  ack recieved 
17:10:04.503 INFO  Number of packets sending 1 
17:10:04.504 INFO  for command 45 try no. 1 
17:10:04.754 INFO  ack recieved 
17:10:26.267 INFO  Selecting Wallet 
17:10:27.907 INFO  Selected Wallet ID: 0bf2c4df3286955d294f1c1bd7ebcc61471d6289c326bf6a7e450b8ed563e556 
17:10:28.822 INFO  Add coin initiated 
17:10:30.113 INFO  Add coin finished 
17:11:53.314 INFO  Selecting Wallet 
17:11:56.756 INFO  Selected Wallet ID: 0bf2c4df3286955d294f1c1bd7ebcc61471d6289c326bf6a7e450b8ed563e556 
17:12:00.512 INFO  Send transaction initiated 
17:33:00.670 INFO  Selecting Wallet 
17:33:01.907 INFO  Selected Wallet ID: 0bf2c4df3286955d294f1c1bd7ebcc61471d6289c326bf6a7e450b8ed563e556 
17:33:02.826 INFO  Send transaction initiated 
17:34:12.291 INFO  Selecting Wallet 
22:28:12.782 INFO  Add Wallet selected 
22:28:12.884 INFO  Number of packets sending 1 
22:28:12.884 INFO  for command 41 try no. 1 
22:28:13.056 INFO  ack recieved 
22:28:13.256 INFO  Number of packets sending 1 
22:28:13.256 INFO  for command 43 try no. 1 
22:28:13.505 INFO  ack recieved 
22:28:23.852 INFO  Add Wallet selected 
22:28:23.981 INFO  Number of packets sending 1 
22:28:23.981 INFO  for command 41 try no. 1 
22:28:24.049 INFO  ack recieved 
22:28:24.251 INFO  Number of packets sending 1 
22:28:24.251 INFO  for command 43 try no. 1 
22:28:24.501 INFO  ack recieved 
22:28:56.463 INFO  Add Wallet selected 
22:28:56.582 INFO  Number of packets sending 1 
22:28:56.582 INFO  for command 41 try no. 1 
22:28:56.661 INFO  ack recieved 
22:28:56.860 INFO  Number of packets sending 1 
22:28:56.860 INFO  for command 43 try no. 1 
22:28:57.110 INFO  ack recieved 
22:29:29.961 INFO  Add Wallet selected 
22:29:30.101 INFO  Number of packets sending 1 
22:29:30.101 INFO  for command 41 try no. 1 
22:29:30.174 INFO  ack recieved 
22:29:30.375 INFO  Number of packets sending 1 
22:29:30.375 INFO  for command 43 try no. 1 
22:29:30.625 INFO  ack recieved 
22:29:33.813 INFO  Number of packets sending 1 
22:29:33.813 INFO  for command 42 try no. 1 
22:29:34.051 INFO  ack recieved 
22:29:34.053 INFO  Add wallet completed 
22:36:18.294 INFO  Add Wallet selected 
22:36:29.972 INFO  Add Wallet selected 
22:36:41.484 INFO  Add Wallet selected 
22:36:41.652 INFO  Number of packets sending 1 
22:36:41.652 INFO  for command 41 try no. 1 
22:36:41.822 INFO  ack recieved 
22:36:42.020 INFO  Number of packets sending 1 
22:36:42.020 INFO  for command 71 try no. 1 
22:36:42.270 INFO  ack recieved 
22:37:03.521 INFO  Add Wallet selected 
22:37:03.711 INFO  Number of packets sending 1 
22:37:03.711 INFO  for command 41 try no. 1 
22:37:03.877 INFO  ack recieved 
22:37:04.077 INFO  Number of packets sending 1 
22:37:04.077 INFO  for command 71 try no. 1 
22:37:04.325 INFO  ack recieved 
22:42:58.223 INFO  Add Wallet selected 
22:42:58.323 INFO  Number of packets sending 1 
22:42:58.323 INFO  for command 41 try no. 1 
22:42:58.394 INFO  ack recieved 
22:42:58.596 INFO  Number of packets sending 1 
22:42:58.596 INFO  for command 72 try no. 1 
22:42:58.845 INFO  ack recieved 
22:53:47.951 INFO  Add Wallet selected 
22:53:48.093 INFO  Number of packets sending 1 
22:53:48.093 INFO  for command 41 try no. 1 
22:53:48.268 INFO  ack recieved 
22:53:48.468 INFO  Number of packets sending 1 
22:53:48.468 INFO  for command 72 try no. 1 
22:53:48.717 INFO  ack recieved 
22:56:20.186 INFO  Add Wallet selected 
22:56:20.313 INFO  Number of packets sending 1 
22:56:20.313 INFO  for command 41 try no. 1 
22:56:20.485 INFO  ack recieved 
22:56:20.684 INFO  Number of packets sending 1 
22:56:20.685 INFO  for command 72 try no. 1 
22:56:20.936 INFO  ack recieved 
23:02:08.256 INFO  Add Wallet selected 
23:02:08.385 INFO  Number of packets sending 1 
23:02:08.385 INFO  for command 41 try no. 1 
23:02:08.583 INFO  ack recieved 
23:02:08.782 INFO  Number of packets sending 1 
23:02:08.783 INFO  for command 72 try no. 1 
23:02:09.032 INFO  ack recieved 
23:02:49.339 INFO  Add Wallet selected 
23:02:49.466 INFO  Number of packets sending 1 
23:02:49.466 INFO  for command 41 try no. 1 
23:02:49.634 INFO  ack recieved 
23:02:49.834 INFO  Number of packets sending 1 
23:02:49.834 INFO  for command 72 try no. 1 
23:02:50.083 INFO  ack recieved 
23:02:51.102 INFO  Number of packets sending 1 
23:02:51.102 INFO  for command 42 try no. 1 
23:02:51.339 INFO  ack recieved 
23:02:51.341 INFO  Add wallet completed 
23:03:02.527 INFO  Selecting Wallet 
23:06:39.218 INFO  Add Wallet selected 
23:06:47.492 INFO  Add Wallet selected 
23:06:47.616 INFO  Number of packets sending 1 
23:06:47.617 INFO  for command 41 try no. 1 
23:06:47.795 INFO  ack recieved 
23:06:47.994 INFO  Number of packets sending 1 
23:06:47.994 INFO  for command 72 try no. 1 
23:06:48.244 INFO  ack recieved 
23:06:49.262 INFO  Number of packets sending 1 
23:06:49.262 INFO  for command 42 try no. 1 
23:06:49.499 INFO  ack recieved 
23:06:49.500 INFO  Add wallet completed 
23:10:11.768 INFO  Add Wallet selected 
23:10:11.898 INFO  Number of packets sending 1 
23:10:11.898 INFO  for command 41 try no. 1 
23:10:12.086 INFO  ack recieved 
23:10:12.286 INFO  Number of packets sending 1 
23:10:12.286 INFO  for command 72 try no. 1 
23:10:12.535 INFO  ack recieved 
23:10:13.553 INFO  Number of packets sending 1 
23:10:13.553 INFO  for command 42 try no. 1 
23:10:13.792 INFO  ack recieved 
23:10:13.793 INFO  Add wallet completed 
23:11:08.691 INFO  Add Wallet selected 
23:11:08.825 INFO  Number of packets sending 1 
23:11:08.825 INFO  for command 41 try no. 1 
23:11:08.904 INFO  ack recieved 
23:11:09.106 INFO  Number of packets sending 1 
23:11:09.106 INFO  for command 72 try no. 1 
23:11:09.355 INFO  ack recieved 
23:11:10.375 INFO  Number of packets sending 1 
23:11:10.375 INFO  for command 42 try no. 1 
23:11:10.611 INFO  ack recieved 
23:11:10.613 INFO  Add wallet completed 
23:12:27.981 INFO  Add Wallet selected 
23:12:28.107 INFO  Number of packets sending 1 
23:12:28.107 INFO  for command 41 try no. 1 
23:12:28.180 INFO  ack recieved 
23:12:28.382 INFO  Number of packets sending 1 
23:12:28.382 INFO  for command 72 try no. 1 
23:12:28.631 INFO  ack recieved 
23:12:29.651 INFO  Number of packets sending 1 
23:12:29.651 INFO  for command 42 try no. 1 
23:12:29.887 INFO  ack recieved 
23:12:29.888 INFO  Add wallet completed 
23:12:39.523 INFO  Add Wallet selected 
23:12:39.655 INFO  Number of packets sending 1 
23:12:39.655 INFO  for command 41 try no. 1 
23:12:39.736 INFO  ack recieved 
23:12:39.937 INFO  Number of packets sending 1 
23:12:39.937 INFO  for command 72 try no. 1 
23:12:40.186 INFO  ack recieved 
23:12:41.206 INFO  Number of packets sending 1 
23:12:41.206 INFO  for command 42 try no. 1 
23:12:41.442 INFO  ack recieved 
23:12:41.443 INFO  Add wallet completed 
